INFO:  latexindent version 3.23.6, 2024-01-17, a script to indent .tex files
       latexindent lives here: /usr/share/texlive/texmf-dist/scripts/latexindent/
       Mon Feb 16 14:55:08 2026
       Filename: /home/dumas/Documents/PlatformIO/Projects/Vibe-coding/ES/latex-doc/main.tex
INFO:  Processing switches:
       -s|--silent: Silent mode active (you have used either -s or --silent)
       -w|--overwrite: Overwrite mode active, will make a back up before overwriting
INFO:  Directory for backup files and indent.log:
       /home/dumas/Documents/PlatformIO/Projects/Vibe-coding/ES/latex-doc
INFO:  YAML settings read: defaultSettings.yaml
       Reading defaultSettings.yaml from /usr/share/texlive/texmf-dist/scripts/latexindent/defaultSettings.yaml
INFO:  YAML reading settings
       Home directory is /home/dumas
       latexindent.pl didn't find indentconfig.yaml or .indentconfig.yaml
       see all possible locations: https://latexindentpl.readthedocs.io/en/latest/sec-appendices.html#indentconfig-options)
INFO:  Backup procedure (-w flag active):
       /home/dumas/Documents/PlatformIO/Projects/Vibe-coding/ES/latex-doc/main.bak0 already exists, incrementing by 1 (see maxNumberOfBackUps)
       Backing up /home/dumas/Documents/PlatformIO/Projects/Vibe-coding/ES/latex-doc/main.tex to /home/dumas/Documents/PlatformIO/Projects/Vibe-coding/ES/latex-doc/main.bak1...
       /home/dumas/Documents/PlatformIO/Projects/Vibe-coding/ES/latex-doc/main.tex will be overwritten after indentation
INFO:  Phase 1: searching for objects
INFO:  Phase 2: finding surrounding indentation
INFO:  Phase 3: indenting objects
INFO:  Phase 4: final indentation check
INFO:  Output routine:
       Overwriting file /home/dumas/Documents/PlatformIO/Projects/Vibe-coding/ES/latex-doc/main.tex
       --------------
INFO:  Please direct all communication/issues to:
        https://github.com/cmhughes/latexindent.pl
